[ 2019-05-22T10:06:58+08:00 ][ info ] [ BEHAVIOR ] Run Closure @app_init [ RunTime:0.000977s ]
[ info ] [ CACHE ] INIT File
[ info ] [ BEHAVIOR ] Run Closure @app_init [ RunTime:0.000976s ]
[ info ] [ LOG ] INIT File
[ 2019-05-22T10:08:27+08:00 ][ info ] [ BEHAVIOR ] Run Closure @app_init [ RunTime:0.000000s ]
[ info ] [ CACHE ] INIT File
[ info ] [ BEHAVIOR ] Run Closure @app_init [ RunTime:0.000976s ]
[ info ] [ LOG ] INIT File
[ 2019-05-22T10:17:33+08:00 ][ info ] [ BEHAVIOR ] Run Closure @app_init [ RunTime:0.000000s ]
[ info ] [ LOG ] INIT File
[ 2019-05-22T10:17:33+08:00 ][ info ] [ CACHE ] INIT File
[ 2019-05-22T10:17:33+08:00 ][ info ] [ BEHAVIOR ] Run Closure @app_init [ RunTime:0.003906s ]
[ 2019-05-22T10:17:33+08:00 ][ error ] [64]Cannot redeclare app\api\controller\Purchase::allProducts()[E:\phpStudy\WWW\caigou\application\api\controller\Purchase.php:105]
[ 2019-05-22T10:18:15+08:00 ][ info ] [ BEHAVIOR ] Run Closure @app_init [ RunTime:0.000000s ]
[ info ] [ LOG ] INIT File
[ 2019-05-22T10:18:15+08:00 ][ info ] [ CACHE ] INIT File
[ 2019-05-22T10:18:15+08:00 ][ info ] [ BEHAVIOR ] Run Closure @app_init [ RunTime:0.002930s ]
[ 2019-05-22T10:18:37+08:00 ][ info ] [ BEHAVIOR ] Run Closure @app_init [ RunTime:0.000000s ]
[ info ] [ LOG ] INIT File
[ 2019-05-22T10:18:37+08:00 ][ info ] [ CACHE ] INIT File
[ 2019-05-22T10:18:37+08:00 ][ info ] [ BEHAVIOR ] Run Closure @app_init [ RunTime:0.003906s ]
